<?xml version="1.0" encoding="UTF-8"?>
<!-- Generated by org.testng.reporters.JUnitReportReporter -->
<testsuite skipped="0" hostname="DESKTOP-BTCK20J" name="com.webmail.testCases.TC_LoginDDT_002" tests="5" failures="0" timestamp="14 Sep 2020 23:51:33 GMT" time="2.694" errors="0">
  <testcase name="loginDDT" time="0.524" classname="com.webmail.testCases.TC_LoginDDT_002"/>
  <testcase name="loginDDT" time="0.569" classname="com.webmail.testCases.TC_LoginDDT_002"/>
  <testcase name="loginDDT" time="0.525" classname="com.webmail.testCases.TC_LoginDDT_002"/>
  <testcase name="loginDDT" time="0.553" classname="com.webmail.testCases.TC_LoginDDT_002"/>
  <testcase name="loginDDT" time="0.523" classname="com.webmail.testCases.TC_LoginDDT_002"/>
</testsuite> <!-- com.webmail.testCases.TC_LoginDDT_002 -->
