<?xml version="1.0" encoding="UTF-8"?>
<!-- Generated by org.testng.reporters.JUnitReportReporter -->
<testsuite skipped="0" hostname="DESKTOP-BTCK20J" name="com.webmail.testCases.TC_LoginTest_001" tests="1" failures="0" timestamp="14 Sep 2020 23:51:33 GMT" time="0.755" errors="0">
  <testcase name="loginTest" time="0.755" classname="com.webmail.testCases.TC_LoginTest_001"/>
</testsuite> <!-- com.webmail.testCases.TC_LoginTest_001 -->
