<?xml version="1.0" encoding="UTF-8"?>
<!-- Generated by org.testng.reporters.JUnitReportReporter -->
<testsuite skipped="0" hostname="DESKTOP-BTCK20J" name="com.webmail.testCases.TC_LoginDDT_002" tests="5" failures="0" timestamp="14 Sep 2020 23:38:26 GMT" time="2.566" errors="0">
  <testcase name="loginDDT" time="0.492" classname="com.webmail.testCases.TC_LoginDDT_002"/>
  <testcase name="loginDDT" time="0.500" classname="com.webmail.testCases.TC_LoginDDT_002"/>
  <testcase name="loginDDT" time="0.524" classname="com.webmail.testCases.TC_LoginDDT_002"/>
  <testcase name="loginDDT" time="0.580" classname="com.webmail.testCases.TC_LoginDDT_002"/>
  <testcase name="loginDDT" time="0.470" classname="com.webmail.testCases.TC_LoginDDT_002"/>
</testsuite> <!-- com.webmail.testCases.TC_LoginDDT_002 -->
